<?xml version="1.0" encoding="UTF-8"?>
<!-- Generated by org.testng.reporters.JUnitXMLReporter -->
<testsuite ignored="0" hostname="DESKTOP-1BJBVLU" failures="1" tests="1" name="Test" time="6.775" errors="0" timestamp="2022-08-22T22:50:34 EDT">
  <testcase classname="webdriverAutomation.AssertionTest" name="loginTest" time="6.727">
    <failure type="java.lang.AssertionError" message="expected [The password you’ve entered is incorrect] but found [The password you’ve entered is incorrect. Forgot Password?]">
      <![CDATA[java.lang.AssertionError: expected [The password you’ve entered is incorrect] but found [The password you’ve entered is incorrect. Forgot Password?]
at webdriverAutomation.AssertionTest.loginTest(AssertionTest.java:33)
at java.base/java.util.ArrayList.forEach(ArrayList.java:1511)
... Removed 31 stack frames]]>
    </failure>
  </testcase> <!-- loginTest -->
</testsuite> <!-- Test -->
